<?xml version="1.0" encoding="UTF-8"?>
<!-- Generated by org.testng.reporters.JUnitXMLReporter -->
<testsuite ignored="0" hostname="SONY" failures="0" tests="4" name="Test" time="0.106" errors="0" timestamp="2022-04-25T12:27:39 PDT">
  <testcase classname="qaclickacademy.SeleniumTest" name="BrowserAUtomation" time="0.009"/>
  <testcase classname="qaclickacademy.SeleniumTest" name="elementsUi" time="0.001"/>
  <testcase classname="qaclickacademy.RESTAPITest" name="deleteTwitter" time="0.001"/>
  <testcase classname="qaclickacademy.RESTAPITest" name="postJira" time="0.01"/>
</testsuite> <!-- Test -->
