<?xml version="1.0" encoding="UTF-8"?>
<testng-results ignored="0" total="4" passed="4" failed="0" skipped="0">
  <reporter-output>
  </reporter-output>
  <suite started-at="2022-04-25T12:27:39 PDT" name="Suite" finished-at="2022-04-25T12:27:39 PDT" duration-ms="106">
    <groups>
    </groups>
    <test started-at="2022-04-25T12:27:39 PDT" name="Test" finished-at="2022-04-25T12:27:39 PDT" duration-ms="106">
      <class name="qaclickacademy.RESTAPITest">
        <test-method signature="deleteTwitter()[pri:0, instance:qaclickacademy.RESTAPITest@57af006c]" started-at="2022-04-25T12:27:39 PDT" name="deleteTwitter" finished-at="2022-04-25T12:27:39 PDT" duration-ms="1" status="PASS">
          <reporter-output>
          </reporter-output>
        </test-method> <!-- deleteTwitter -->
        <test-method signature="postJira()[pri:0, instance:qaclickacademy.RESTAPITest@57af006c]" started-at="2022-04-25T12:27:39 PDT" name="postJira" finished-at="2022-04-25T12:27:39 PDT" duration-ms="10" status="PASS">
          <reporter-output>
          </reporter-output>
        </test-method> <!-- postJira -->
      </class> <!-- qaclickacademy.RESTAPITest -->
      <class name="qaclickacademy.SeleniumTest">
        <test-method signature="BrowserAUtomation()[pri:0, instance:qaclickacademy.SeleniumTest@120f102b]" started-at="2022-04-25T12:27:39 PDT" name="BrowserAUtomation" finished-at="2022-04-25T12:27:39 PDT" duration-ms="9" status="PASS">
          <reporter-output>
          </reporter-output>
        </test-method> <!-- BrowserAUtomation -->
        <test-method signature="elementsUi()[pri:0, instance:qaclickacademy.SeleniumTest@120f102b]" started-at="2022-04-25T12:27:39 PDT" name="elementsUi" finished-at="2022-04-25T12:27:39 PDT" duration-ms="1" status="PASS">
          <reporter-output>
          </reporter-output>
        </test-method> <!-- elementsUi -->
      </class> <!-- qaclickacademy.SeleniumTest -->
    </test> <!-- Test -->
  </suite> <!-- Suite -->
</testng-results>
